<?xml version="1.0" encoding="UTF-8"?>
<testng-results skipped="0" failed="0" ignored="0" total="1" passed="1">
  <reporter-output>
  </reporter-output>
  <suite name="Default suite" duration-ms="16202" started-at="2020-10-15T12:45:25 IST" finished-at="2020-10-15T12:45:41 IST">
    <groups>
    </groups>
    <test name="Default test" duration-ms="16202" started-at="2020-10-15T12:45:25 IST" finished-at="2020-10-15T12:45:41 IST">
      <class name="Cucumber.RunnerTest">
        <test-method status="PASS" signature="setUp()[pri:0, instance:Cucumber.RunnerTest@6ee52dcd]" name="setUp" is-config="true" duration-ms="597" started-at="2020-10-15T12:45:25 IST" finished-at="2020-10-15T12:45:25 IST">
          <reporter-output>
          </reporter-output>
        </test-method> <!-- setUp -->
        <test-method status="PASS" signature="executeScenario(io.cucumber.testng.PickleWrapper, io.cucumber.testng.FeatureWrapper)[pri:0, instance:Cucumber.RunnerTest@6ee52dcd]" name="executeScenario" duration-ms="15371" started-at="2020-10-15T12:45:25 IST" data-provider="scenariosProvider" finished-at="2020-10-15T12:45:41 IST">
          <params>
            <param index="0">
              <value>
                <![CDATA[""]]>
              </value>
            </param>
            <param index="1">
              <value>
                <![CDATA["Optional[Verify whether login to Air Asia fails with incorrcet login credentials]"]]>
              </value>
            </param>
          </params>
          <reporter-output>
          </reporter-output>
        </test-method> <!-- executeScenario -->
        <test-method status="PASS" signature="tearDown()[pri:0, instance:Cucumber.RunnerTest@6ee52dcd]" name="tearDown" is-config="true" duration-ms="177" started-at="2020-10-15T12:45:41 IST" finished-at="2020-10-15T12:45:41 IST">
          <reporter-output>
          </reporter-output>
        </test-method> <!-- tearDown -->
      </class> <!-- Cucumber.RunnerTest -->
    </test> <!-- Default test -->
  </suite> <!-- Default suite -->
</testng-results>
